{"target": 0.4022972881793976, "params": {"x1": 86.0, "x10": 128.0, "x8": 255.0}, "datetime": {"datetime": "2021-11-26 16:03:40", "elapsed": 0.0, "delta": 0.0}}
{"target": 0.405100554227829, "params": {"x1": 95.50773030607743, "x10": 242.43214813452863, "x8": 186.6584551619083}, "datetime": {"datetime": "2021-11-26 16:03:46", "elapsed": 5.567245, "delta": 5.567245}}
{"target": 0.18519213795661926, "params": {"x1": 152.65791347024432, "x10": 39.78475331282131, "x8": 39.77860268573168}, "datetime": {"datetime": "2021-11-26 16:03:51", "elapsed": 11.135849, "delta": 5.568604}}
{"target": 0.013963366858661175, "params": {"x1": 225.3626724687593, "x10": 231.75533518750444, "x8": 255.0}, "datetime": {"datetime": "2021-11-26 16:03:57", "elapsed": 16.782706, "delta": 5.646857}}
{"target": 0.0051067364402115345, "params": {"x1": 82.61808761872942, "x10": 128.4901715014253, "x8": 253.27953315212247}, "datetime": {"datetime": "2021-11-26 16:04:02", "elapsed": 22.393686, "delta": 5.61098}}

{"target": 0.405100554227829, "params": {"x1": 95.50773030607743, "x10": 242.43214813452863, "x8": 186.6584551619083}, "datetime": {"datetime": "2021-11-26 16:03:46", "elapsed": 5.567245, "delta": 5.567245}}
{"target": 0.18519213795661926, "params": {"x1": 152.65791347024432, "x10": 39.78475331282131, "x8": 39.77860268573168}, "datetime": {"datetime": "2021-11-26 16:03:51", "elapsed": 11.135849, "delta": 5.568604}}
{"target": 0.013963366858661175, "params": {"x1": 225.3626724687593, "x10": 231.75533518750444, "x8": 255.0}, "datetime": {"datetime": "2021-11-26 16:03:57", "elapsed": 16.782706, "delta": 5.646857}}
{"target": 0.0051067364402115345, "params": {"x1": 82.61808761872942, "x10": 128.4901715014253, "x8": 253.27953315212247}, "datetime": {"datetime": "2021-11-26 16:04:02", "elapsed": 22.393686, "delta": 5.61098}}
